<?xml version="1.0" encoding="UTF-8"?>
<!-- Generated by org.testng.reporters.JUnitXMLReporter -->
<testsuite ignored="0" hostname="DESKTOP-AJQ004P" failures="0" tests="4" name="Default test" time="4.054" errors="0" timestamp="2025-05-03T18:04:27 IST">
  <testcase classname="api.test.ReqResAPITests" name="getUserTest" time="2.312"/>
  <testcase classname="api.test.ReqResAPITests" name="postUserTest" time="0.961"/>
  <testcase classname="api.test.ReqResAPITests" name="putUserTest" time="0.365"/>
  <testcase classname="api.test.ReqResAPITests" name="deleteUserTest" time="0.335"/>
</testsuite> <!-- Default test -->
