<?xml version="1.0" encoding="UTF-8"?>
<!-- Generated by org.testng.reporters.JUnitReportReporter -->
<testsuite hostname="DESKTOP-AJQ004P" failures="0" tests="4" name="api.test.ReqResAPITests" time="3.973" errors="0" timestamp="2025-05-03T18:04:27 IST" skipped="0">
  <testcase classname="api.test.ReqResAPITests" name="getUserTest" time="2.312"/>
  <testcase classname="api.test.ReqResAPITests" name="postUserTest" time="0.961"/>
  <testcase classname="api.test.ReqResAPITests" name="putUserTest" time="0.365"/>
  <testcase classname="api.test.ReqResAPITests" name="deleteUserTest" time="0.335"/>
</testsuite> <!-- api.test.ReqResAPITests -->
